<?xml version="1.0" encoding="UTF-8"?>
<!-- Generated by org.testng.reporters.JUnitReportReporter -->
<testsuite hostname="Jan-O" failures="0" tests="2" name="com.learning.automation.test.FileUploadTest" time="13.520" errors="0" timestamp="2024-08-23T03:32:51 EDT" skipped="1">
  <testcase classname="com.learning.automation.test.FileUploadTest" name="fileUploadTest2" time="13.520"/>
  <testcase classname="com.learning.automation.test.FileUploadTest" name="fileUploadTest1">
    <skipped/>
  </testcase> <!-- fileUploadTest1 -->
</testsuite> <!-- com.learning.automation.test.FileUploadTest -->
