<?xml version="1.0" encoding="UTF-8"?>
<!-- Generated by org.testng.reporters.JUnitReportReporter -->
<testsuite hostname="Jan-O" failures="0" tests="2" name="com.learning.automation.test.SeleniumMethods" time="38.208" errors="0" timestamp="2024-08-18T08:36:39 EDT" skipped="0">
  <testcase classname="com.learning.automation.test.SeleniumMethods" name="searchAllTheLinks" time="16.834"/>
  <testcase classname="com.learning.automation.test.SeleniumMethods" name="practiceSeleniumMethodsTest" time="21.374"/>
</testsuite> <!-- com.learning.automation.test.SeleniumMethods -->
