<?xml version="1.0" encoding="UTF-8"?>
<!-- Generated by org.testng.reporters.JUnitReportReporter -->
<testsuite hostname="Jan-O" failures="0" tests="1" name="com.learning.automation.test.MorgageCalculatorTests" time="26.406" errors="0" timestamp="2024-08-11T08:48:05 EDT" skipped="0">
  <testcase classname="com.learning.automation.test.MorgageCalculatorTests" name="buyATownHouseTest" time="26.406"/>
</testsuite> <!-- com.learning.automation.test.MorgageCalculatorTests -->
